0    [AWT-EventQueue-0] INFO  ca.sqlpower.architect.ArchitectUtils  - Log4J configured successfully
859  [AWT-EventQueue-0] INFO  ca.sqlpower.sql.PlDotIni  - Beginning to read/merge new pl.ini data
959  [AWT-EventQueue-0] INFO  ca.sqlpower.sql.PlDotIni  - Finished reading file.
960  [AWT-EventQueue-0] INFO  ca.sqlpower.sql.PlDotIni  - Beginning to read/merge new pl.ini data
1037 [AWT-EventQueue-0] INFO  ca.sqlpower.sql.PlDotIni  - Finished reading file.
1368 [AWT-EventQueue-0] ERROR ca.sqlpower.architect.swingui.SwingUIProjectLoader  - Error parsing project file's olap schemas!
org.xml.sax.SAXParseException; lineNumber: 1; columnNumber: 1; Content is not allowed in prolog.
	at org.apache.xerces.parsers.AbstractSAXParser.parse(Unknown Source)
	at ca.sqlpower.architect.olap.MondrianXMLReader.parse(MondrianXMLReader.java:103)
	at ca.sqlpower.architect.swingui.SwingUIProjectLoader.load(SwingUIProjectLoader.java:212)
	at ca.sqlpower.architect.swingui.SwingUIProjectLoader.load(SwingUIProjectLoader.java:185)
	at ca.sqlpower.architect.swingui.ArchitectSwingSessionContextImpl.createSession(ArchitectSwingSessionContextImpl.java:194)
	at ca.sqlpower.architect.swingui.ArchitectFrame$25.run(ArchitectFrame.java:1401)
	at java.awt.event.InvocationEvent.dispatch(Unknown Source)
	at java.awt.EventQueue.dispatchEventImpl(Unknown Source)
	at java.awt.EventQueue.access$500(Unknown Source)
	at java.awt.EventQueue$3.run(Unknown Source)
	at java.awt.EventQueue$3.run(Unknown Source)
	at java.security.AccessController.doPrivileged(Native Method)
	at java.security.ProtectionDomain$JavaSecurityAccessImpl.doIntersectionPrivilege(Unknown Source)
	at java.awt.EventQueue.dispatchEvent(Unknown Source)
	at java.awt.EventDispatchThread.pumpOneEventForFilters(Unknown Source)
	at java.awt.EventDispatchThread.pumpEventsForFilter(Unknown Source)
	at java.awt.EventDispatchThread.pumpEventsForHierarchy(Unknown Source)
	at java.awt.EventDispatchThread.pumpEvents(Unknown Source)
	at java.awt.EventDispatchThread.pumpEvents(Unknown Source)
	at java.awt.EventDispatchThread.run(Unknown Source)
